[TRACE] 05:11:33:387 nivel/(9704:9704): Acepto Personaje: en Socket: 6

[TRACE] 05:11:33:387 nivel/(9704:9704): Pedido posicion recurso: M
[TRACE] 05:11:33:387 nivel/(9704:9704): BUscando recurso: H == M
[TRACE] 05:11:33:387 nivel/(9704:9704): BUscando recurso: F == M
[TRACE] 05:11:33:387 nivel/(9704:9704): BUscando recurso: M == M
[TRACE] 05:11:33:638 nivel/(9704:9704): Personaje a mover #, posicionX 2 posicionY 1
[TRACE] 05:11:33:638 nivel/(9704:9704): Movimiento personaje: x: 2, y: 1

[TRACE] 05:11:33:858 nivel/(9704:9704): Acepto Personaje: en Socket: 7

[TRACE] 05:11:33:890 nivel/(9704:9704): Personaje a mover #, posicionX 3 posicionY 1
[TRACE] 05:11:33:890 nivel/(9704:9704): Movimiento personaje: x: 3, y: 1

[TRACE] 05:11:34:140 nivel/(9704:9704): Personaje a mover #, posicionX 3 posicionY 2
[TRACE] 05:11:34:141 nivel/(9704:9704): Movimiento personaje: x: 3, y: 2

[TRACE] 05:11:34:642 nivel/(9704:9704): Pedido posicion recurso: H
[TRACE] 05:11:34:642 nivel/(9704:9704): BUscando recurso: H == H
[TRACE] 05:11:34:642 nivel/(9704:9704): BUscando recurso: F == H
[TRACE] 05:11:34:642 nivel/(9704:9704): BUscando recurso: M == H
[TRACE] 05:11:34:893 nivel/(9704:9704): Personaje a mover @, posicionX 2 posicionY 1
[TRACE] 05:11:34:893 nivel/(9704:9704): Movimiento personaje: x: 2, y: 1

[TRACE] 05:11:35:143 nivel/(9704:9704): Personaje a mover @, posicionX 3 posicionY 1
[TRACE] 05:11:35:143 nivel/(9704:9704): Movimiento personaje: x: 3, y: 1

[TRACE] 05:11:35:398 nivel/(9704:9704): Personaje a mover @, posicionX 4 posicionY 1
[TRACE] 05:11:35:398 nivel/(9704:9704): Movimiento personaje: x: 4, y: 1

[TRACE] 05:11:35:899 nivel/(9704:9704): Recurso a asignar M
[TRACE] 05:11:36:651 nivel/(9704:9704): Personaje a mover @, posicionX 5 posicionY 1
[TRACE] 05:11:36:651 nivel/(9704:9704): Movimiento personaje: x: 5, y: 1

[TRACE] 05:11:36:902 nivel/(9704:9704): Personaje a mover @, posicionX 5 posicionY 2
[TRACE] 05:11:36:902 nivel/(9704:9704): Movimiento personaje: x: 5, y: 2

[TRACE] 05:11:37:153 nivel/(9704:9704): Personaje a mover @, posicionX 5 posicionY 3
[TRACE] 05:11:37:153 nivel/(9704:9704): Movimiento personaje: x: 5, y: 3

[TRACE] 05:11:37:653 nivel/(9704:9704): Pedido posicion recurso: H
[TRACE] 05:11:37:653 nivel/(9704:9704): BUscando recurso: H == H
[TRACE] 05:11:37:653 nivel/(9704:9704): BUscando recurso: F == H
[TRACE] 05:11:37:653 nivel/(9704:9704): BUscando recurso: M == H
[TRACE] 05:11:37:904 nivel/(9704:9704): Personaje a mover #, posicionX 4 posicionY 2
[TRACE] 05:11:37:904 nivel/(9704:9704): Movimiento personaje: x: 4, y: 2

[TRACE] 05:11:38:154 nivel/(9704:9704): Personaje a mover #, posicionX 5 posicionY 2
[TRACE] 05:11:38:155 nivel/(9704:9704): Movimiento personaje: x: 5, y: 2

[TRACE] 05:11:38:406 nivel/(9704:9704): Personaje a mover #, posicionX 5 posicionY 3
[TRACE] 05:11:38:406 nivel/(9704:9704): Movimiento personaje: x: 5, y: 3

[TRACE] 05:11:39:159 nivel/(9704:9704): Personaje a mover @, posicionX 5 posicionY 4
[TRACE] 05:11:39:159 nivel/(9704:9704): Movimiento personaje: x: 5, y: 4

[TRACE] 05:11:39:410 nivel/(9704:9704): Personaje a mover @, posicionX 5 posicionY 5
[TRACE] 05:11:39:410 nivel/(9704:9704): Movimiento personaje: x: 5, y: 5

[TRACE] 05:11:39:410 nivel/(9704:9704): Recurso a asignar H
[TRACE] 05:11:40:161 nivel/(9704:9704): Personaje a mover #, posicionX 5 posicionY 4
[TRACE] 05:11:40:161 nivel/(9704:9704): Movimiento personaje: x: 5, y: 4

[TRACE] 05:11:40:412 nivel/(9704:9704): Personaje a mover #, posicionX 5 posicionY 5
[TRACE] 05:11:40:412 nivel/(9704:9704): Movimiento personaje: x: 5, y: 5

[TRACE] 05:11:40:412 nivel/(9704:9704): Recurso bloqueado H
[TRACE] 05:11:40:413 nivel/(9704:9704): Pedido posicion recurso: F
[TRACE] 05:11:40:413 nivel/(9704:9704): BUscando recurso: H == F
[TRACE] 05:11:40:413 nivel/(9704:9704): BUscando recurso: F == F
[TRACE] 05:11:40:413 nivel/(9704:9704): BUscando recurso: M == F
[TRACE] 05:11:40:663 nivel/(9704:9704): Personaje a mover @, posicionX 6 posicionY 5
[TRACE] 05:11:40:663 nivel/(9704:9704): Movimiento personaje: x: 6, y: 5

[TRACE] 05:11:40:914 nivel/(9704:9704): Personaje a mover @, posicionX 7 posicionY 5
[TRACE] 05:11:40:914 nivel/(9704:9704): Movimiento personaje: x: 7, y: 5

[TRACE] 05:11:41:165 nivel/(9704:9704): Personaje a mover @, posicionX 8 posicionY 5
[TRACE] 05:11:41:165 nivel/(9704:9704): Movimiento personaje: x: 8, y: 5

[TRACE] 05:11:41:917 nivel/(9704:9704): Personaje a mover @, posicionX 9 posicionY 5
[TRACE] 05:11:41:917 nivel/(9704:9704): Movimiento personaje: x: 9, y: 5

[TRACE] 05:11:42:168 nivel/(9704:9704): Personaje a mover @, posicionX 10 posicionY 5
[TRACE] 05:11:42:169 nivel/(9704:9704): Movimiento personaje: x: 10, y: 5

[TRACE] 05:11:42:420 nivel/(9704:9704): Personaje a mover @, posicionX 10 posicionY 4
[TRACE] 05:11:42:420 nivel/(9704:9704): Movimiento personaje: x: 10, y: 4

[TRACE] 05:11:42:921 nivel/(9704:9704): Recurso a asignar F
[TRACE] 05:11:43:421 nivel/(9704:9704): Pedido posicion recurso: M
[TRACE] 05:11:43:421 nivel/(9704:9704): BUscando recurso: H == M
[TRACE] 05:11:43:421 nivel/(9704:9704): BUscando recurso: F == M
[TRACE] 05:11:43:421 nivel/(9704:9704): BUscando recurso: M == M
[TRACE] 05:11:43:673 nivel/(9704:9704): Personaje a mover @, posicionX 9 posicionY 4
[TRACE] 05:11:43:673 nivel/(9704:9704): Movimiento personaje: x: 9, y: 4

[TRACE] 05:11:43:924 nivel/(9704:9704): Personaje a mover @, posicionX 8 posicionY 4
[TRACE] 05:11:43:924 nivel/(9704:9704): Movimiento personaje: x: 8, y: 4

[TRACE] 05:11:44:174 nivel/(9704:9704): Personaje a mover @, posicionX 7 posicionY 4
[TRACE] 05:11:44:174 nivel/(9704:9704): Movimiento personaje: x: 7, y: 4

[TRACE] 05:11:44:926 nivel/(9704:9704): Personaje a mover @, posicionX 6 posicionY 4
[TRACE] 05:11:44:926 nivel/(9704:9704): Movimiento personaje: x: 6, y: 4

[TRACE] 05:11:45:177 nivel/(9704:9704): Personaje a mover @, posicionX 5 posicionY 4
[TRACE] 05:11:45:177 nivel/(9704:9704): Movimiento personaje: x: 5, y: 4

[TRACE] 05:11:45:428 nivel/(9704:9704): Personaje a mover @, posicionX 4 posicionY 4
[TRACE] 05:11:45:428 nivel/(9704:9704): Movimiento personaje: x: 4, y: 4

[TRACE] 05:11:46:180 nivel/(9704:9704): Personaje a mover @, posicionX 3 posicionY 4
[TRACE] 05:11:46:180 nivel/(9704:9704): Movimiento personaje: x: 3, y: 4

[TRACE] 05:11:46:432 nivel/(9704:9704): Personaje a mover @, posicionX 3 posicionY 3
[TRACE] 05:11:46:432 nivel/(9704:9704): Movimiento personaje: x: 3, y: 3

[TRACE] 05:11:46:683 nivel/(9704:9704): Personaje a mover @, posicionX 3 posicionY 2
[TRACE] 05:11:46:683 nivel/(9704:9704): Movimiento personaje: x: 3, y: 2

[TRACE] 05:11:47:184 nivel/(9704:9704): Recurso a asignar M
[TRACE] 05:11:47:185 nivel/(9704:9704): Liberando...
[TRACE] 05:11:47:185 nivel/(9704:9704): Recurso a sumar! H - H
[TRACE] 05:11:47:185 nivel/(9704:9704): Liberado! H
[TRACE] 05:11:47:185 nivel/(9704:9704): Recurso a sumar! F - H
[TRACE] 05:11:47:185 nivel/(9704:9704): Recurso a sumar! M - H
[TRACE] 05:11:47:185 nivel/(9704:9704): Liberando...
[TRACE] 05:11:47:185 nivel/(9704:9704): Recurso a sumar! H - F
[TRACE] 05:11:47:185 nivel/(9704:9704): Recurso a sumar! F - F
[TRACE] 05:11:47:185 nivel/(9704:9704): Liberado! F
[TRACE] 05:11:47:185 nivel/(9704:9704): Recurso a sumar! M - F
[TRACE] 05:11:47:185 nivel/(9704:9704): Liberando...
[TRACE] 05:11:47:185 nivel/(9704:9704): Recurso a sumar! H - M
[TRACE] 05:11:47:185 nivel/(9704:9704): Recurso a sumar! F - M
[TRACE] 05:11:47:185 nivel/(9704:9704): Recurso a sumar! M - M
[TRACE] 05:11:47:185 nivel/(9704:9704): Liberado! M
[TRACE] 05:11:47:185 nivel/(9704:9704): Liberando2...
[TRACE] 05:11:47:185 nivel/(9704:9704): Liberando2...
[TRACE] 05:11:47:185 nivel/(9704:9704): Liberando2...
[TRACE] 05:15:08:975 nivel/(9987:9987): Acepto Personaje: en Socket: 6

[TRACE] 05:15:08:976 nivel/(9987:9987): Pedido posicion recurso: M
[TRACE] 05:15:08:976 nivel/(9987:9987): BUscando recurso: H == M
[TRACE] 05:15:08:976 nivel/(9987:9987): BUscando recurso: F == M
[TRACE] 05:15:08:976 nivel/(9987:9987): BUscando recurso: M == M
[TRACE] 05:15:09:226 nivel/(9987:9987): Personaje a mover #, posicionX 2 posicionY 1
[TRACE] 05:15:09:226 nivel/(9987:9987): Movimiento personaje: x: 2, y: 1

[TRACE] 05:15:09:454 nivel/(9987:9987): Acepto Personaje: en Socket: 7

[TRACE] 05:15:09:478 nivel/(9987:9987): Personaje a mover #, posicionX 3 posicionY 1
[TRACE] 05:15:09:478 nivel/(9987:9987): Movimiento personaje: x: 3, y: 1

[TRACE] 05:15:09:728 nivel/(9987:9987): Personaje a mover #, posicionX 3 posicionY 2
[TRACE] 05:15:09:728 nivel/(9987:9987): Movimiento personaje: x: 3, y: 2

[TRACE] 05:15:10:229 nivel/(9987:9987): Pedido posicion recurso: H
[TRACE] 05:15:10:229 nivel/(9987:9987): BUscando recurso: H == H
[TRACE] 05:15:10:229 nivel/(9987:9987): BUscando recurso: F == H
[TRACE] 05:15:10:229 nivel/(9987:9987): BUscando recurso: M == H
[TRACE] 05:15:10:480 nivel/(9987:9987): Personaje a mover @, posicionX 2 posicionY 1
[TRACE] 05:15:10:480 nivel/(9987:9987): Movimiento personaje: x: 2, y: 1

[TRACE] 05:15:10:732 nivel/(9987:9987): Personaje a mover @, posicionX 3 posicionY 1
[TRACE] 05:15:10:732 nivel/(9987:9987): Movimiento personaje: x: 3, y: 1

[TRACE] 05:15:10:983 nivel/(9987:9987): Personaje a mover @, posicionX 4 posicionY 1
[TRACE] 05:15:10:983 nivel/(9987:9987): Movimiento personaje: x: 4, y: 1

[TRACE] 05:15:11:486 nivel/(9987:9987): Recurso a asignar M
[TRACE] 05:15:12:237 nivel/(9987:9987): Personaje a mover @, posicionX 5 posicionY 1
[TRACE] 05:15:12:237 nivel/(9987:9987): Movimiento personaje: x: 5, y: 1

[TRACE] 05:15:12:487 nivel/(9987:9987): Personaje a mover @, posicionX 5 posicionY 2
[TRACE] 05:15:12:487 nivel/(9987:9987): Movimiento personaje: x: 5, y: 2

[TRACE] 05:15:12:739 nivel/(9987:9987): Personaje a mover @, posicionX 5 posicionY 3
[TRACE] 05:15:12:739 nivel/(9987:9987): Movimiento personaje: x: 5, y: 3

[TRACE] 05:15:13:240 nivel/(9987:9987): Pedido posicion recurso: H
[TRACE] 05:15:13:240 nivel/(9987:9987): BUscando recurso: H == H
[TRACE] 05:15:13:240 nivel/(9987:9987): BUscando recurso: F == H
[TRACE] 05:15:13:240 nivel/(9987:9987): BUscando recurso: M == H
[TRACE] 05:15:13:490 nivel/(9987:9987): Personaje a mover #, posicionX 4 posicionY 2
[TRACE] 05:15:13:490 nivel/(9987:9987): Movimiento personaje: x: 4, y: 2

[TRACE] 05:15:13:741 nivel/(9987:9987): Personaje a mover #, posicionX 5 posicionY 2
[TRACE] 05:15:13:741 nivel/(9987:9987): Movimiento personaje: x: 5, y: 2

[TRACE] 05:15:13:991 nivel/(9987:9987): Personaje a mover #, posicionX 5 posicionY 3
[TRACE] 05:15:13:991 nivel/(9987:9987): Movimiento personaje: x: 5, y: 3

[TRACE] 05:15:14:744 nivel/(9987:9987): Personaje a mover @, posicionX 5 posicionY 4
[TRACE] 05:15:14:744 nivel/(9987:9987): Movimiento personaje: x: 5, y: 4

[TRACE] 05:15:14:994 nivel/(9987:9987): Personaje a mover @, posicionX 5 posicionY 5
[TRACE] 05:15:14:994 nivel/(9987:9987): Movimiento personaje: x: 5, y: 5

[TRACE] 05:15:14:995 nivel/(9987:9987): Recurso a asignar H
[TRACE] 05:15:15:748 nivel/(9987:9987): Personaje a mover #, posicionX 5 posicionY 4
[TRACE] 05:15:15:748 nivel/(9987:9987): Movimiento personaje: x: 5, y: 4

[TRACE] 05:15:15:999 nivel/(9987:9987): Personaje a mover #, posicionX 5 posicionY 5
[TRACE] 05:15:15:999 nivel/(9987:9987): Movimiento personaje: x: 5, y: 5

[TRACE] 05:15:15:999 nivel/(9987:9987): Recurso bloqueado H
[TRACE] 05:15:15:999 nivel/(9987:9987): Pedido posicion recurso: F
[TRACE] 05:15:15:999 nivel/(9987:9987): BUscando recurso: H == F
[TRACE] 05:15:15:999 nivel/(9987:9987): BUscando recurso: F == F
[TRACE] 05:15:15:999 nivel/(9987:9987): BUscando recurso: M == F
[TRACE] 05:15:16:251 nivel/(9987:9987): Personaje a mover @, posicionX 6 posicionY 5
[TRACE] 05:15:16:251 nivel/(9987:9987): Movimiento personaje: x: 6, y: 5

[TRACE] 05:15:16:503 nivel/(9987:9987): Personaje a mover @, posicionX 7 posicionY 5
[TRACE] 05:15:16:503 nivel/(9987:9987): Movimiento personaje: x: 7, y: 5

[TRACE] 05:15:16:754 nivel/(9987:9987): Personaje a mover @, posicionX 8 posicionY 5
[TRACE] 05:15:16:754 nivel/(9987:9987): Movimiento personaje: x: 8, y: 5

[TRACE] 05:15:17:506 nivel/(9987:9987): Personaje a mover @, posicionX 9 posicionY 5
[TRACE] 05:15:17:506 nivel/(9987:9987): Movimiento personaje: x: 9, y: 5

[TRACE] 05:15:17:756 nivel/(9987:9987): Personaje a mover @, posicionX 10 posicionY 5
[TRACE] 05:15:17:756 nivel/(9987:9987): Movimiento personaje: x: 10, y: 5

[TRACE] 05:15:18:7 nivel/(9987:9987): Personaje a mover @, posicionX 10 posicionY 4
[TRACE] 05:15:18:7 nivel/(9987:9987): Movimiento personaje: x: 10, y: 4

[TRACE] 05:15:18:508 nivel/(9987:9987): Recurso a asignar F
[TRACE] 05:15:19:9 nivel/(9987:9987): Pedido posicion recurso: M
[TRACE] 05:15:19:9 nivel/(9987:9987): BUscando recurso: H == M
[TRACE] 05:15:19:9 nivel/(9987:9987): BUscando recurso: F == M
[TRACE] 05:15:19:9 nivel/(9987:9987): BUscando recurso: M == M
[TRACE] 05:15:19:260 nivel/(9987:9987): Personaje a mover @, posicionX 9 posicionY 4
[TRACE] 05:15:19:260 nivel/(9987:9987): Movimiento personaje: x: 9, y: 4

[TRACE] 05:15:19:511 nivel/(9987:9987): Personaje a mover @, posicionX 8 posicionY 4
[TRACE] 05:15:19:511 nivel/(9987:9987): Movimiento personaje: x: 8, y: 4

[TRACE] 05:15:19:762 nivel/(9987:9987): Personaje a mover @, posicionX 7 posicionY 4
[TRACE] 05:15:19:762 nivel/(9987:9987): Movimiento personaje: x: 7, y: 4

[TRACE] 05:15:20:514 nivel/(9987:9987): Personaje a mover @, posicionX 6 posicionY 4
[TRACE] 05:15:20:514 nivel/(9987:9987): Movimiento personaje: x: 6, y: 4

[TRACE] 05:15:20:765 nivel/(9987:9987): Personaje a mover @, posicionX 5 posicionY 4
[TRACE] 05:15:20:765 nivel/(9987:9987): Movimiento personaje: x: 5, y: 4

[TRACE] 05:15:21:16 nivel/(9987:9987): Personaje a mover @, posicionX 4 posicionY 4
[TRACE] 05:15:21:16 nivel/(9987:9987): Movimiento personaje: x: 4, y: 4

[TRACE] 05:15:21:771 nivel/(9987:9987): Personaje a mover @, posicionX 3 posicionY 4
[TRACE] 05:15:21:771 nivel/(9987:9987): Movimiento personaje: x: 3, y: 4

[TRACE] 05:15:22:23 nivel/(9987:9987): Personaje a mover @, posicionX 3 posicionY 3
[TRACE] 05:15:22:23 nivel/(9987:9987): Movimiento personaje: x: 3, y: 3

[TRACE] 05:15:22:274 nivel/(9987:9987): Personaje a mover @, posicionX 3 posicionY 2
[TRACE] 05:15:22:274 nivel/(9987:9987): Movimiento personaje: x: 3, y: 2

[TRACE] 05:15:22:775 nivel/(9987:9987): Recurso a asignar M
[TRACE] 05:17:19:403 nivel/(9987:9987): Liberando...
[TRACE] 05:17:19:403 nivel/(9987:9987): Recurso a sumar! F - H
[TRACE] 05:17:19:403 nivel/(9987:9987): Recurso a sumar! M - H
[TRACE] 05:17:19:403 nivel/(9987:9987): Liberando...
[TRACE] 05:17:19:403 nivel/(9987:9987): Recurso a sumar! F - F
[TRACE] 05:17:19:403 nivel/(9987:9987): Liberado! F
[TRACE] 05:17:19:403 nivel/(9987:9987): Recurso a sumar! M - F
[TRACE] 05:17:19:403 nivel/(9987:9987): Liberando...
[TRACE] 05:17:19:403 nivel/(9987:9987): Recurso a sumar! F - M
[TRACE] 05:17:19:403 nivel/(9987:9987): Recurso a sumar! M - M
[TRACE] 05:17:19:403 nivel/(9987:9987): Liberado! M
[TRACE] 05:17:27:926 nivel/(9987:9987): Liberando2...
[TRACE] 05:17:27:926 nivel/(9987:9987): Liberando2...
[TRACE] 05:17:27:926 nivel/(9987:9987): Liberando2...
[TRACE] 05:23:08:295 nivel/(10223:10223): Acepto Personaje: en Socket: 6

[TRACE] 05:23:08:295 nivel/(10223:10223): Pedido posicion recurso: M
[TRACE] 05:23:08:295 nivel/(10223:10223): BUscando recurso: H == M
[TRACE] 05:23:08:295 nivel/(10223:10223): BUscando recurso: F == M
[TRACE] 05:23:08:295 nivel/(10223:10223): BUscando recurso: M == M
[TRACE] 05:23:08:546 nivel/(10223:10223): Personaje a mover #, posicionX 2 posicionY 1
[TRACE] 05:23:08:546 nivel/(10223:10223): Movimiento personaje: x: 2, y: 1

[TRACE] 05:23:08:629 nivel/(10223:10223): Acepto Personaje: en Socket: 7

[TRACE] 05:23:08:797 nivel/(10223:10223): Personaje a mover #, posicionX 3 posicionY 1
[TRACE] 05:23:08:797 nivel/(10223:10223): Movimiento personaje: x: 3, y: 1

[TRACE] 05:23:09:47 nivel/(10223:10223): Personaje a mover #, posicionX 3 posicionY 2
[TRACE] 05:23:09:48 nivel/(10223:10223): Movimiento personaje: x: 3, y: 2

[TRACE] 05:23:09:549 nivel/(10223:10223): Pedido posicion recurso: H
[TRACE] 05:23:09:549 nivel/(10223:10223): BUscando recurso: H == H
[TRACE] 05:23:09:549 nivel/(10223:10223): BUscando recurso: F == H
[TRACE] 05:23:09:549 nivel/(10223:10223): BUscando recurso: M == H
[TRACE] 05:23:09:800 nivel/(10223:10223): Personaje a mover @, posicionX 2 posicionY 1
[TRACE] 05:23:09:800 nivel/(10223:10223): Movimiento personaje: x: 2, y: 1

[TRACE] 05:23:10:51 nivel/(10223:10223): Personaje a mover @, posicionX 3 posicionY 1
[TRACE] 05:23:10:51 nivel/(10223:10223): Movimiento personaje: x: 3, y: 1

[TRACE] 05:23:10:302 nivel/(10223:10223): Personaje a mover @, posicionX 4 posicionY 1
[TRACE] 05:23:10:302 nivel/(10223:10223): Movimiento personaje: x: 4, y: 1

[TRACE] 05:23:10:804 nivel/(10223:10223): Recurso a asignar M
[TRACE] 05:23:11:555 nivel/(10223:10223): Personaje a mover @, posicionX 5 posicionY 1
[TRACE] 05:23:11:555 nivel/(10223:10223): Movimiento personaje: x: 5, y: 1

[TRACE] 05:23:11:806 nivel/(10223:10223): Personaje a mover @, posicionX 5 posicionY 2
[TRACE] 05:23:11:806 nivel/(10223:10223): Movimiento personaje: x: 5, y: 2

[TRACE] 05:23:12:57 nivel/(10223:10223): Personaje a mover @, posicionX 5 posicionY 3
[TRACE] 05:23:12:58 nivel/(10223:10223): Movimiento personaje: x: 5, y: 3

[TRACE] 05:23:12:559 nivel/(10223:10223): Pedido posicion recurso: H
[TRACE] 05:23:12:559 nivel/(10223:10223): BUscando recurso: H == H
[TRACE] 05:23:12:559 nivel/(10223:10223): BUscando recurso: F == H
[TRACE] 05:23:12:559 nivel/(10223:10223): BUscando recurso: M == H
[TRACE] 05:23:12:810 nivel/(10223:10223): Personaje a mover #, posicionX 4 posicionY 2
[TRACE] 05:23:12:810 nivel/(10223:10223): Movimiento personaje: x: 4, y: 2

[TRACE] 05:23:13:61 nivel/(10223:10223): Personaje a mover #, posicionX 5 posicionY 2
[TRACE] 05:23:13:61 nivel/(10223:10223): Movimiento personaje: x: 5, y: 2

[TRACE] 05:23:13:311 nivel/(10223:10223): Personaje a mover #, posicionX 5 posicionY 3
[TRACE] 05:23:13:311 nivel/(10223:10223): Movimiento personaje: x: 5, y: 3

[TRACE] 05:23:14:63 nivel/(10223:10223): Personaje a mover @, posicionX 5 posicionY 4
[TRACE] 05:23:14:64 nivel/(10223:10223): Movimiento personaje: x: 5, y: 4

[TRACE] 05:23:14:314 nivel/(10223:10223): Personaje a mover @, posicionX 5 posicionY 5
[TRACE] 05:23:14:314 nivel/(10223:10223): Movimiento personaje: x: 5, y: 5

[TRACE] 05:23:14:314 nivel/(10223:10223): Recurso a asignar H
[TRACE] 05:23:15:69 nivel/(10223:10223): Personaje a mover #, posicionX 5 posicionY 4
[TRACE] 05:23:15:69 nivel/(10223:10223): Movimiento personaje: x: 5, y: 4

[TRACE] 05:23:15:320 nivel/(10223:10223): Personaje a mover #, posicionX 5 posicionY 5
[TRACE] 05:23:15:320 nivel/(10223:10223): Movimiento personaje: x: 5, y: 5

[TRACE] 05:23:15:320 nivel/(10223:10223): Recurso bloqueado H
[TRACE] 05:23:15:321 nivel/(10223:10223): Pedido posicion recurso: F
[TRACE] 05:23:15:321 nivel/(10223:10223): BUscando recurso: H == F
[TRACE] 05:23:15:321 nivel/(10223:10223): BUscando recurso: F == F
[TRACE] 05:23:15:321 nivel/(10223:10223): BUscando recurso: M == F
[TRACE] 05:23:15:572 nivel/(10223:10223): Personaje a mover @, posicionX 6 posicionY 5
[TRACE] 05:23:15:572 nivel/(10223:10223): Movimiento personaje: x: 6, y: 5

[TRACE] 05:23:15:823 nivel/(10223:10223): Personaje a mover @, posicionX 7 posicionY 5
[TRACE] 05:23:15:823 nivel/(10223:10223): Movimiento personaje: x: 7, y: 5

[TRACE] 05:23:16:74 nivel/(10223:10223): Personaje a mover @, posicionX 8 posicionY 5
[TRACE] 05:23:16:74 nivel/(10223:10223): Movimiento personaje: x: 8, y: 5

[TRACE] 05:23:16:826 nivel/(10223:10223): Personaje a mover @, posicionX 9 posicionY 5
[TRACE] 05:23:16:826 nivel/(10223:10223): Movimiento personaje: x: 9, y: 5

[TRACE] 05:23:17:77 nivel/(10223:10223): Personaje a mover @, posicionX 10 posicionY 5
[TRACE] 05:23:17:77 nivel/(10223:10223): Movimiento personaje: x: 10, y: 5

[TRACE] 05:23:17:327 nivel/(10223:10223): Personaje a mover @, posicionX 10 posicionY 4
[TRACE] 05:23:17:327 nivel/(10223:10223): Movimiento personaje: x: 10, y: 4

[TRACE] 05:23:17:829 nivel/(10223:10223): Recurso a asignar F
[TRACE] 05:23:18:330 nivel/(10223:10223): Pedido posicion recurso: M
[TRACE] 05:23:18:331 nivel/(10223:10223): BUscando recurso: H == M
[TRACE] 05:23:18:331 nivel/(10223:10223): BUscando recurso: F == M
[TRACE] 05:23:18:331 nivel/(10223:10223): BUscando recurso: M == M
[TRACE] 05:23:18:581 nivel/(10223:10223): Personaje a mover @, posicionX 9 posicionY 4
[TRACE] 05:23:18:581 nivel/(10223:10223): Movimiento personaje: x: 9, y: 4

[TRACE] 05:23:18:832 nivel/(10223:10223): Personaje a mover @, posicionX 8 posicionY 4
[TRACE] 05:23:18:832 nivel/(10223:10223): Movimiento personaje: x: 8, y: 4

[TRACE] 05:23:19:82 nivel/(10223:10223): Personaje a mover @, posicionX 7 posicionY 4
[TRACE] 05:23:19:82 nivel/(10223:10223): Movimiento personaje: x: 7, y: 4

[TRACE] 05:23:19:834 nivel/(10223:10223): Personaje a mover @, posicionX 6 posicionY 4
[TRACE] 05:23:19:834 nivel/(10223:10223): Movimiento personaje: x: 6, y: 4

[TRACE] 05:23:20:85 nivel/(10223:10223): Personaje a mover @, posicionX 5 posicionY 4
[TRACE] 05:23:20:85 nivel/(10223:10223): Movimiento personaje: x: 5, y: 4

[TRACE] 05:23:20:336 nivel/(10223:10223): Personaje a mover @, posicionX 4 posicionY 4
[TRACE] 05:23:20:336 nivel/(10223:10223): Movimiento personaje: x: 4, y: 4

[TRACE] 05:23:21:87 nivel/(10223:10223): Personaje a mover @, posicionX 3 posicionY 4
[TRACE] 05:23:21:87 nivel/(10223:10223): Movimiento personaje: x: 3, y: 4

[TRACE] 05:23:21:337 nivel/(10223:10223): Personaje a mover @, posicionX 3 posicionY 3
[TRACE] 05:23:21:337 nivel/(10223:10223): Movimiento personaje: x: 3, y: 3

[TRACE] 05:23:21:588 nivel/(10223:10223): Personaje a mover @, posicionX 3 posicionY 2
[TRACE] 05:23:21:588 nivel/(10223:10223): Movimiento personaje: x: 3, y: 2

[TRACE] 05:23:22:90 nivel/(10223:10223): Recurso a asignar M
[TRACE] 05:23:22:91 nivel/(10223:10223): Liberando...
[TRACE] 05:23:22:91 nivel/(10223:10223): Recurso a sumar! F - H
[TRACE] 05:23:22:91 nivel/(10223:10223): Recurso a sumar! M - H
[TRACE] 05:23:22:91 nivel/(10223:10223): Liberando...
[TRACE] 05:23:22:91 nivel/(10223:10223): Recurso a sumar! F - F
[TRACE] 05:23:22:91 nivel/(10223:10223): Liberado! F
[TRACE] 05:23:22:91 nivel/(10223:10223): Recurso a sumar! M - F
[TRACE] 05:23:22:91 nivel/(10223:10223): Liberando...
[TRACE] 05:23:22:91 nivel/(10223:10223): Recurso a sumar! F - M
[TRACE] 05:23:22:91 nivel/(10223:10223): Recurso a sumar! M - M
[TRACE] 05:23:22:91 nivel/(10223:10223): Liberado! M
[TRACE] 05:23:22:91 nivel/(10223:10223): Liberando2...
[TRACE] 05:23:22:91 nivel/(10223:10223): Recurso a liberar2 
[TRACE] 05:23:22:91 nivel/(10223:10223): Liberando2...
[TRACE] 05:23:22:91 nivel/(10223:10223): Recurso a liberar2 
[TRACE] 05:23:22:91 nivel/(10223:10223): Liberando2...
[TRACE] 05:23:22:91 nivel/(10223:10223): Recurso a liberar2 
[TRACE] 05:23:22:92 nivel/(10223:10223): Recurso bloqueado H
[TRACE] 05:38:28:63 nivel/(10517:10517): Acepto Personaje: en Socket: 6

[TRACE] 05:38:28:64 nivel/(10517:10517): Pedido posicion recurso: M
[TRACE] 05:38:28:64 nivel/(10517:10517): BUscando recurso: H == M
[TRACE] 05:38:28:64 nivel/(10517:10517): BUscando recurso: F == M
[TRACE] 05:38:28:64 nivel/(10517:10517): BUscando recurso: M == M
[TRACE] 05:38:28:315 nivel/(10517:10517): Personaje a mover #, posicionX 2 posicionY 1
[TRACE] 05:38:28:315 nivel/(10517:10517): Movimiento personaje: x: 2, y: 1

[TRACE] 05:38:28:442 nivel/(10517:10517): Acepto Personaje: en Socket: 7

[TRACE] 05:38:28:566 nivel/(10517:10517): Personaje a mover #, posicionX 3 posicionY 1
[TRACE] 05:38:28:566 nivel/(10517:10517): Movimiento personaje: x: 3, y: 1

[TRACE] 05:38:28:817 nivel/(10517:10517): Personaje a mover #, posicionX 3 posicionY 2
[TRACE] 05:38:28:817 nivel/(10517:10517): Movimiento personaje: x: 3, y: 2

[TRACE] 05:38:29:319 nivel/(10517:10517): Pedido posicion recurso: H
[TRACE] 05:38:29:319 nivel/(10517:10517): BUscando recurso: H == H
[TRACE] 05:38:29:319 nivel/(10517:10517): BUscando recurso: F == H
[TRACE] 05:38:29:319 nivel/(10517:10517): BUscando recurso: M == H
[TRACE] 05:38:29:570 nivel/(10517:10517): Personaje a mover @, posicionX 2 posicionY 1
[TRACE] 05:38:29:570 nivel/(10517:10517): Movimiento personaje: x: 2, y: 1

[TRACE] 05:38:29:820 nivel/(10517:10517): Personaje a mover @, posicionX 3 posicionY 1
[TRACE] 05:38:29:820 nivel/(10517:10517): Movimiento personaje: x: 3, y: 1

[TRACE] 05:38:30:72 nivel/(10517:10517): Personaje a mover @, posicionX 4 posicionY 1
[TRACE] 05:38:30:72 nivel/(10517:10517): Movimiento personaje: x: 4, y: 1

[TRACE] 05:38:30:574 nivel/(10517:10517): Recurso a asignar M
[TRACE] 05:38:31:326 nivel/(10517:10517): Personaje a mover @, posicionX 5 posicionY 1
[TRACE] 05:38:31:326 nivel/(10517:10517): Movimiento personaje: x: 5, y: 1

[TRACE] 05:38:31:577 nivel/(10517:10517): Personaje a mover @, posicionX 5 posicionY 2
[TRACE] 05:38:31:577 nivel/(10517:10517): Movimiento personaje: x: 5, y: 2

[TRACE] 05:38:31:828 nivel/(10517:10517): Personaje a mover @, posicionX 5 posicionY 3
[TRACE] 05:38:31:828 nivel/(10517:10517): Movimiento personaje: x: 5, y: 3

[TRACE] 05:38:32:330 nivel/(10517:10517): Pedido posicion recurso: H
[TRACE] 05:38:32:330 nivel/(10517:10517): BUscando recurso: H == H
[TRACE] 05:38:32:330 nivel/(10517:10517): BUscando recurso: F == H
[TRACE] 05:38:32:330 nivel/(10517:10517): BUscando recurso: M == H
[TRACE] 05:38:32:580 nivel/(10517:10517): Personaje a mover #, posicionX 4 posicionY 2
[TRACE] 05:38:32:580 nivel/(10517:10517): Movimiento personaje: x: 4, y: 2

[TRACE] 05:38:32:831 nivel/(10517:10517): Personaje a mover #, posicionX 5 posicionY 2
[TRACE] 05:38:32:831 nivel/(10517:10517): Movimiento personaje: x: 5, y: 2

[TRACE] 05:38:33:82 nivel/(10517:10517): Personaje a mover #, posicionX 5 posicionY 3
[TRACE] 05:38:33:82 nivel/(10517:10517): Movimiento personaje: x: 5, y: 3

[TRACE] 05:38:33:833 nivel/(10517:10517): Personaje a mover @, posicionX 5 posicionY 4
[TRACE] 05:38:33:833 nivel/(10517:10517): Movimiento personaje: x: 5, y: 4

[TRACE] 05:38:34:85 nivel/(10517:10517): Personaje a mover @, posicionX 5 posicionY 5
[TRACE] 05:38:34:85 nivel/(10517:10517): Movimiento personaje: x: 5, y: 5

[TRACE] 05:38:34:85 nivel/(10517:10517): Recurso a asignar H
[TRACE] 05:38:34:836 nivel/(10517:10517): Personaje a mover #, posicionX 5 posicionY 4
[TRACE] 05:38:34:836 nivel/(10517:10517): Movimiento personaje: x: 5, y: 4

[TRACE] 05:38:35:87 nivel/(10517:10517): Personaje a mover #, posicionX 5 posicionY 5
[TRACE] 05:38:35:88 nivel/(10517:10517): Movimiento personaje: x: 5, y: 5

[TRACE] 05:38:35:88 nivel/(10517:10517): Recurso bloqueado H
[TRACE] 05:38:35:89 nivel/(10517:10517): Pedido posicion recurso: F
[TRACE] 05:38:35:89 nivel/(10517:10517): BUscando recurso: H == F
[TRACE] 05:38:35:89 nivel/(10517:10517): BUscando recurso: F == F
[TRACE] 05:38:35:89 nivel/(10517:10517): BUscando recurso: M == F
[TRACE] 05:38:35:339 nivel/(10517:10517): Personaje a mover @, posicionX 6 posicionY 5
[TRACE] 05:38:35:339 nivel/(10517:10517): Movimiento personaje: x: 6, y: 5

[TRACE] 05:38:35:590 nivel/(10517:10517): Personaje a mover @, posicionX 7 posicionY 5
[TRACE] 05:38:35:590 nivel/(10517:10517): Movimiento personaje: x: 7, y: 5

[TRACE] 05:38:35:841 nivel/(10517:10517): Personaje a mover @, posicionX 8 posicionY 5
[TRACE] 05:38:35:841 nivel/(10517:10517): Movimiento personaje: x: 8, y: 5

[TRACE] 05:38:36:594 nivel/(10517:10517): Personaje a mover @, posicionX 9 posicionY 5
[TRACE] 05:38:36:594 nivel/(10517:10517): Movimiento personaje: x: 9, y: 5

[TRACE] 05:38:36:844 nivel/(10517:10517): Personaje a mover @, posicionX 10 posicionY 5
[TRACE] 05:38:36:844 nivel/(10517:10517): Movimiento personaje: x: 10, y: 5

[TRACE] 05:38:37:95 nivel/(10517:10517): Personaje a mover @, posicionX 10 posicionY 4
[TRACE] 05:38:37:95 nivel/(10517:10517): Movimiento personaje: x: 10, y: 4

[TRACE] 05:38:37:596 nivel/(10517:10517): Recurso a asignar F
[TRACE] 05:38:38:98 nivel/(10517:10517): Pedido posicion recurso: M
[TRACE] 05:38:38:98 nivel/(10517:10517): BUscando recurso: H == M
[TRACE] 05:38:38:98 nivel/(10517:10517): BUscando recurso: F == M
[TRACE] 05:38:38:98 nivel/(10517:10517): BUscando recurso: M == M
[TRACE] 05:38:38:350 nivel/(10517:10517): Personaje a mover @, posicionX 9 posicionY 4
[TRACE] 05:38:38:350 nivel/(10517:10517): Movimiento personaje: x: 9, y: 4

[TRACE] 05:38:38:600 nivel/(10517:10517): Personaje a mover @, posicionX 8 posicionY 4
[TRACE] 05:38:38:600 nivel/(10517:10517): Movimiento personaje: x: 8, y: 4

[TRACE] 05:38:38:851 nivel/(10517:10517): Personaje a mover @, posicionX 7 posicionY 4
[TRACE] 05:38:38:851 nivel/(10517:10517): Movimiento personaje: x: 7, y: 4

[TRACE] 05:38:39:602 nivel/(10517:10517): Personaje a mover @, posicionX 6 posicionY 4
[TRACE] 05:38:39:602 nivel/(10517:10517): Movimiento personaje: x: 6, y: 4

[TRACE] 05:38:39:853 nivel/(10517:10517): Personaje a mover @, posicionX 5 posicionY 4
[TRACE] 05:38:39:853 nivel/(10517:10517): Movimiento personaje: x: 5, y: 4

[TRACE] 05:38:40:104 nivel/(10517:10517): Personaje a mover @, posicionX 4 posicionY 4
[TRACE] 05:38:40:104 nivel/(10517:10517): Movimiento personaje: x: 4, y: 4

[TRACE] 05:38:40:855 nivel/(10517:10517): Personaje a mover @, posicionX 3 posicionY 4
[TRACE] 05:38:40:855 nivel/(10517:10517): Movimiento personaje: x: 3, y: 4

[TRACE] 05:38:41:107 nivel/(10517:10517): Personaje a mover @, posicionX 3 posicionY 3
[TRACE] 05:38:41:107 nivel/(10517:10517): Movimiento personaje: x: 3, y: 3

[TRACE] 05:38:41:358 nivel/(10517:10517): Personaje a mover @, posicionX 3 posicionY 2
[TRACE] 05:38:41:358 nivel/(10517:10517): Movimiento personaje: x: 3, y: 2

[TRACE] 05:38:41:859 nivel/(10517:10517): Recurso a asignar M
[TRACE] 05:38:41:860 nivel/(10517:10517): Liberando...
[TRACE] 05:38:41:860 nivel/(10517:10517): Recurso a sumar! H - H
[TRACE] 05:38:41:860 nivel/(10517:10517): Liberado! H
[TRACE] 05:38:41:861 nivel/(10517:10517): Recurso a sumar! F - H
[TRACE] 05:38:41:861 nivel/(10517:10517): Recurso a sumar! M - H
[TRACE] 05:38:41:861 nivel/(10517:10517): Liberando...
[TRACE] 05:38:41:861 nivel/(10517:10517): Recurso a sumar! H - F
[TRACE] 05:38:41:861 nivel/(10517:10517): Recurso a sumar! F - F
[TRACE] 05:38:41:861 nivel/(10517:10517): Liberado! F
[TRACE] 05:38:41:861 nivel/(10517:10517): Recurso a sumar! M - F
[TRACE] 05:38:41:861 nivel/(10517:10517): Liberando...
[TRACE] 05:38:41:861 nivel/(10517:10517): Recurso a sumar! H - M
[TRACE] 05:38:41:861 nivel/(10517:10517): Recurso a sumar! F - M
[TRACE] 05:38:41:861 nivel/(10517:10517): Recurso a sumar! M - M
[TRACE] 05:38:41:861 nivel/(10517:10517): Liberado! M
[TRACE] 05:38:41:861 nivel/(10517:10517): Recurso a asignar H
[TRACE] 05:38:42:362 nivel/(10517:10517): Pedido posicion recurso: F
[TRACE] 05:38:42:362 nivel/(10517:10517): BUscando recurso: H == F
[TRACE] 05:38:42:362 nivel/(10517:10517): BUscando recurso: F == F
[TRACE] 05:38:42:362 nivel/(10517:10517): BUscando recurso: M == F
[TRACE] 05:38:42:613 nivel/(10517:10517): Personaje a mover #, posicionX 6 posicionY 5
[TRACE] 05:38:42:613 nivel/(10517:10517): Movimiento personaje: x: 6, y: 5

[TRACE] 05:38:42:863 nivel/(10517:10517): Personaje a mover #, posicionX 7 posicionY 5
[TRACE] 05:38:42:863 nivel/(10517:10517): Movimiento personaje: x: 7, y: 5

[TRACE] 05:38:43:114 nivel/(10517:10517): Personaje a mover #, posicionX 8 posicionY 5
[TRACE] 05:38:43:114 nivel/(10517:10517): Movimiento personaje: x: 8, y: 5

[TRACE] 05:38:43:865 nivel/(10517:10517): Personaje a mover #, posicionX 9 posicionY 5
[TRACE] 05:38:43:865 nivel/(10517:10517): Movimiento personaje: x: 9, y: 5

[TRACE] 05:38:44:115 nivel/(10517:10517): Personaje a mover #, posicionX 10 posicionY 5
[TRACE] 05:38:44:115 nivel/(10517:10517): Movimiento personaje: x: 10, y: 5

[TRACE] 05:38:44:366 nivel/(10517:10517): Personaje a mover #, posicionX 10 posicionY 4
[TRACE] 05:38:44:366 nivel/(10517:10517): Movimiento personaje: x: 10, y: 4

[TRACE] 05:38:44:867 nivel/(10517:10517): Recurso a asignar F
[TRACE] 05:38:44:868 nivel/(10517:10517): Liberando...
[TRACE] 05:38:44:868 nivel/(10517:10517): Recurso a sumar! M - H
[TRACE] 05:38:44:868 nivel/(10517:10517): Recurso a sumar! H - H
[TRACE] 05:38:44:868 nivel/(10517:10517): Liberado! H
[TRACE] 05:38:44:868 nivel/(10517:10517): Recurso a sumar! F - H
[TRACE] 05:38:44:868 nivel/(10517:10517): Liberando...
[TRACE] 05:38:44:868 nivel/(10517:10517): Recurso a sumar! M - F
[TRACE] 05:38:44:868 nivel/(10517:10517): Recurso a sumar! H - F
[TRACE] 05:38:44:868 nivel/(10517:10517): Recurso a sumar! F - F
[TRACE] 05:38:44:868 nivel/(10517:10517): Liberado! F
[TRACE] 05:38:44:868 nivel/(10517:10517): Liberando...
[TRACE] 05:38:44:868 nivel/(10517:10517): Recurso a sumar! M - M
[TRACE] 05:38:44:868 nivel/(10517:10517): Liberado! M
[TRACE] 05:38:44:868 nivel/(10517:10517): Recurso a sumar! H - M
[TRACE] 05:38:44:868 nivel/(10517:10517): Recurso a sumar! F - M
