[TRACE] 22:56:13:693 nivel2/(5501:5501): Paso dibujar.
[TRACE] 22:56:23:693 nivel2/(5501:5502): Deadlock check started.
[TRACE] 22:56:33:695 nivel2/(5501:5502): Deadlock check started.
[TRACE] 22:56:43:695 nivel2/(5501:5502): Deadlock check started.
[TRACE] 22:56:53:696 nivel2/(5501:5502): Deadlock check started.
[TRACE] 22:57:03:697 nivel2/(5501:5502): Deadlock check started.
[TRACE] 22:57:13:698 nivel2/(5501:5502): Deadlock check started.
[TRACE] 22:57:23:698 nivel2/(5501:5502): Deadlock check started.
[TRACE] 22:57:33:698 nivel2/(5501:5502): Deadlock check started.
[TRACE] 22:57:43:699 nivel2/(5501:5502): Deadlock check started.
[TRACE] 22:57:53:700 nivel2/(5501:5502): Deadlock check started.
[TRACE] 22:58:03:700 nivel2/(5501:5502): Deadlock check started.
[TRACE] 22:58:13:700 nivel2/(5501:5502): Deadlock check started.
[TRACE] 22:58:23:701 nivel2/(5501:5502): Deadlock check started.
[TRACE] 22:58:33:701 nivel2/(5501:5502): Deadlock check started.
[TRACE] 22:58:43:701 nivel2/(5501:5502): Deadlock check started.
[TRACE] 22:58:53:703 nivel2/(5501:5502): Deadlock check started.
[TRACE] 22:59:03:703 nivel2/(5501:5502): Deadlock check started.
[TRACE] 22:59:13:703 nivel2/(5501:5502): Deadlock check started.
[TRACE] 22:59:23:705 nivel2/(5501:5502): Deadlock check started.
[TRACE] 22:59:33:705 nivel2/(5501:5502): Deadlock check started.
[TRACE] 22:59:43:706 nivel2/(5501:5502): Deadlock check started.
[TRACE] 22:59:53:706 nivel2/(5501:5502): Deadlock check started.
[TRACE] 23:00:03:706 nivel2/(5501:5502): Deadlock check started.
[TRACE] 23:00:13:708 nivel2/(5501:5502): Deadlock check started.
[TRACE] 23:00:23:708 nivel2/(5501:5502): Deadlock check started.
[TRACE] 23:00:33:709 nivel2/(5501:5502): Deadlock check started.
[TRACE] 23:00:43:710 nivel2/(5501:5502): Deadlock check started.
[TRACE] 23:00:53:711 nivel2/(5501:5502): Deadlock check started.
[TRACE] 23:01:03:711 nivel2/(5501:5502): Deadlock check started.
[TRACE] 23:01:13:711 nivel2/(5501:5502): Deadlock check started.
[TRACE] 23:01:23:712 nivel2/(5501:5502): Deadlock check started.
[TRACE] 23:01:33:712 nivel2/(5501:5502): Deadlock check started.
[TRACE] 23:01:33:939 nivel2/(5501:5501): Acepto Personaje: en Socket: 6
[TRACE] 23:01:33:939 nivel2/(5501:5501): Pedido posicion recurso: F
[TRACE] 23:01:34:40 nivel2/(5501:5501): Personaje a mover @, posicionX 2 posicionY 1
[TRACE] 23:01:34:40 nivel2/(5501:5501): Movimiento personaje: x: 2, y: 1

[TRACE] 23:01:34:145 nivel2/(5501:5501): Personaje a mover @, posicionX 3 posicionY 1
[TRACE] 23:01:34:145 nivel2/(5501:5501): Movimiento personaje: x: 3, y: 1

[TRACE] 23:01:34:247 nivel2/(5501:5501): Personaje a mover @, posicionX 4 posicionY 1
[TRACE] 23:01:34:247 nivel2/(5501:5501): Movimiento personaje: x: 4, y: 1

[TRACE] 23:01:34:849 nivel2/(5501:5501): Personaje a mover @, posicionX 5 posicionY 1
[TRACE] 23:01:34:849 nivel2/(5501:5501): Movimiento personaje: x: 5, y: 1

[TRACE] 23:01:34:951 nivel2/(5501:5501): Personaje a mover @, posicionX 6 posicionY 1
[TRACE] 23:01:34:951 nivel2/(5501:5501): Movimiento personaje: x: 6, y: 1

[TRACE] 23:01:35:51 nivel2/(5501:5501): Personaje a mover @, posicionX 7 posicionY 1
[TRACE] 23:01:35:51 nivel2/(5501:5501): Movimiento personaje: x: 7, y: 1

[TRACE] 23:01:35:654 nivel2/(5501:5501): Personaje a mover @, posicionX 8 posicionY 1
[TRACE] 23:01:35:654 nivel2/(5501:5501): Movimiento personaje: x: 8, y: 1

[TRACE] 23:01:35:755 nivel2/(5501:5501): Personaje a mover @, posicionX 9 posicionY 1
[TRACE] 23:01:35:756 nivel2/(5501:5501): Movimiento personaje: x: 9, y: 1

[TRACE] 23:01:35:857 nivel2/(5501:5501): Personaje a mover @, posicionX 10 posicionY 1
[TRACE] 23:01:35:857 nivel2/(5501:5501): Movimiento personaje: x: 10, y: 1

[TRACE] 23:01:36:460 nivel2/(5501:5501): Personaje a mover @, posicionX 11 posicionY 1
[TRACE] 23:01:36:460 nivel2/(5501:5501): Movimiento personaje: x: 11, y: 1

[TRACE] 23:01:36:562 nivel2/(5501:5501): Personaje a mover @, posicionX 12 posicionY 1
[TRACE] 23:01:36:562 nivel2/(5501:5501): Movimiento personaje: x: 12, y: 1

[TRACE] 23:01:36:662 nivel2/(5501:5501): Personaje a mover @, posicionX 13 posicionY 1
[TRACE] 23:01:36:662 nivel2/(5501:5501): Movimiento personaje: x: 13, y: 1

[TRACE] 23:01:37:263 nivel2/(5501:5501): Personaje a mover @, posicionX 14 posicionY 1
[TRACE] 23:01:37:263 nivel2/(5501:5501): Movimiento personaje: x: 14, y: 1

[TRACE] 23:01:37:364 nivel2/(5501:5501): Personaje a mover @, posicionX 15 posicionY 1
[TRACE] 23:01:37:364 nivel2/(5501:5501): Movimiento personaje: x: 15, y: 1

[TRACE] 23:01:37:465 nivel2/(5501:5501): Personaje a mover @, posicionX 16 posicionY 1
[TRACE] 23:01:37:465 nivel2/(5501:5501): Movimiento personaje: x: 16, y: 1

[TRACE] 23:01:38:66 nivel2/(5501:5501): Personaje a mover @, posicionX 17 posicionY 1
[TRACE] 23:01:38:66 nivel2/(5501:5501): Movimiento personaje: x: 17, y: 1

[TRACE] 23:01:38:166 nivel2/(5501:5501): Personaje a mover @, posicionX 18 posicionY 1
[TRACE] 23:01:38:166 nivel2/(5501:5501): Movimiento personaje: x: 18, y: 1

[TRACE] 23:01:38:267 nivel2/(5501:5501): Personaje a mover @, posicionX 19 posicionY 1
[TRACE] 23:01:38:267 nivel2/(5501:5501): Movimiento personaje: x: 19, y: 1

[TRACE] 23:01:38:868 nivel2/(5501:5501): Personaje a mover @, posicionX 19 posicionY 2
[TRACE] 23:01:38:868 nivel2/(5501:5501): Movimiento personaje: x: 19, y: 2

[TRACE] 23:01:38:968 nivel2/(5501:5501): Personaje a mover @, posicionX 19 posicionY 3
[TRACE] 23:01:38:968 nivel2/(5501:5501): Movimiento personaje: x: 19, y: 3

[TRACE] 23:01:39:69 nivel2/(5501:5501): Personaje a mover @, posicionX 19 posicionY 4
[TRACE] 23:01:39:69 nivel2/(5501:5501): Movimiento personaje: x: 19, y: 4

[TRACE] 23:01:39:671 nivel2/(5501:5501): Personaje a mover @, posicionX 19 posicionY 5
[TRACE] 23:01:39:671 nivel2/(5501:5501): Movimiento personaje: x: 19, y: 5

[TRACE] 23:01:39:773 nivel2/(5501:5501): Personaje a mover @, posicionX 19 posicionY 6
[TRACE] 23:01:39:773 nivel2/(5501:5501): Movimiento personaje: x: 19, y: 6

[TRACE] 23:01:39:873 nivel2/(5501:5501): Personaje a mover @, posicionX 19 posicionY 7
[TRACE] 23:01:39:873 nivel2/(5501:5501): Movimiento personaje: x: 19, y: 7

[TRACE] 23:01:40:475 nivel2/(5501:5501): Personaje a mover @, posicionX 19 posicionY 8
[TRACE] 23:01:40:475 nivel2/(5501:5501): Movimiento personaje: x: 19, y: 8

[TRACE] 23:01:40:577 nivel2/(5501:5501): Personaje a mover @, posicionX 19 posicionY 9
[TRACE] 23:01:40:577 nivel2/(5501:5501): Movimiento personaje: x: 19, y: 9

[TRACE] 23:01:40:678 nivel2/(5501:5501): Personaje a mover @, posicionX 19 posicionY 10
[TRACE] 23:01:40:678 nivel2/(5501:5501): Movimiento personaje: x: 19, y: 10

[TRACE] 23:01:41:279 nivel2/(5501:5501): Personaje a mover @, posicionX 19 posicionY 11
[TRACE] 23:01:41:279 nivel2/(5501:5501): Movimiento personaje: x: 19, y: 11

[TRACE] 23:01:41:380 nivel2/(5501:5501): Personaje a mover @, posicionX 19 posicionY 12
[TRACE] 23:01:41:380 nivel2/(5501:5501): Movimiento personaje: x: 19, y: 12

[TRACE] 23:01:41:481 nivel2/(5501:5501): Personaje a mover @, posicionX 19 posicionY 13
[TRACE] 23:01:41:481 nivel2/(5501:5501): Movimiento personaje: x: 19, y: 13

[TRACE] 23:01:42:83 nivel2/(5501:5501): Personaje a mover @, posicionX 19 posicionY 14
[TRACE] 23:01:42:83 nivel2/(5501:5501): Movimiento personaje: x: 19, y: 14

[TRACE] 23:01:42:185 nivel2/(5501:5501): Personaje a mover @, posicionX 19 posicionY 15
[TRACE] 23:01:42:185 nivel2/(5501:5501): Movimiento personaje: x: 19, y: 15

[TRACE] 23:01:42:185 nivel2/(5501:5501): Recurso a asignar F
[TRACE] 23:01:43:713 nivel2/(5501:5502): Deadlock check started.
[TRACE] 23:01:53:713 nivel2/(5501:5502): Deadlock check started.
[TRACE] 23:02:03:714 nivel2/(5501:5502): Deadlock check started.
[TRACE] 23:02:13:714 nivel2/(5501:5502): Deadlock check started.
[TRACE] 23:02:23:714 nivel2/(5501:5502): Deadlock check started.
[TRACE] 23:02:33:714 nivel2/(5501:5502): Deadlock check started.
[TRACE] 23:02:43:715 nivel2/(5501:5502): Deadlock check started.
[TRACE] 23:02:53:715 nivel2/(5501:5502): Deadlock check started.
